2023-09-25 02:05:15,160 - ~~~~~~ Instance: C101.txt ~~~~~
2023-09-25 02:05:15,160 - Starting capacity check for route 0
2023-09-25 02:05:15,161 - Capacity check for route 0 --> OK
2023-09-25 02:05:15,161 - Starting capacity check for route 1
2023-09-25 02:05:15,161 - Capacity check for route 1 --> OK
2023-09-25 02:05:15,161 - Starting capacity check for route 2
2023-09-25 02:05:15,162 - Capacity check for route 2 --> OK
2023-09-25 02:05:15,162 - Starting capacity check for route 3
2023-09-25 02:05:15,162 - Capacity check for route 3 --> OK
2023-09-25 02:05:15,162 - Starting capacity check for route 4
2023-09-25 02:05:15,162 - Capacity check for route 4 --> OK
2023-09-25 02:05:15,162 - Starting capacity check for route 5
2023-09-25 02:05:15,163 - Capacity check for route 5 --> OK
2023-09-25 02:05:15,163 - Starting capacity check for route 6
2023-09-25 02:05:15,163 - Capacity check for route 6 --> OK
2023-09-25 02:05:15,163 - Starting capacity check for route 7
2023-09-25 02:05:15,163 - Capacity check for route 7 --> OK
2023-09-25 02:05:15,163 - Starting capacity check for route 8
2023-09-25 02:05:15,164 - Capacity check for route 8 --> OK
2023-09-25 02:05:15,164 - Starting capacity check for route 9
2023-09-25 02:05:15,164 - Capacity check for route 9 --> OK
2023-09-25 02:05:15,164 - Starting capacity check for route 10
2023-09-25 02:05:15,164 - Capacity check for route 10 --> OK
2023-09-25 02:05:15,164 - Starting capacity check for route 11
2023-09-25 02:05:15,165 - Capacity check for route 11 --> OK
2023-09-25 02:05:15,165 - Starting capacity check for route 12
2023-09-25 02:05:15,165 - Capacity check for route 12 --> OK
2023-09-25 02:05:15,165 - Starting capacity check for route 13
2023-09-25 02:05:15,165 - Capacity check for route 13 --> OK
2023-09-25 02:05:15,165 - Starting capacity check for route 14
2023-09-25 02:05:15,166 - Capacity check for route 14 --> OK
2023-09-25 02:05:15,166 - Starting capacity check for route 15
2023-09-25 02:05:15,166 - Capacity check for route 15 --> OK
2023-09-25 02:05:15,166 - Starting capacity check for route 16
2023-09-25 02:05:15,166 - Capacity check for route 16 --> OK
2023-09-25 02:05:15,166 - Starting capacity check for route 17
2023-09-25 02:05:15,166 - Capacity check for route 17 --> OK
2023-09-25 02:05:15,166 - Starting capacity check for route 18
2023-09-25 02:05:15,167 - Capacity check for route 18 --> OK
2023-09-25 02:05:15,167 - Starting capacity check for route 19
2023-09-25 02:05:15,167 - Capacity check for route 19 --> OK
2023-09-25 02:05:15,167 - Starting capacity check for route 20
2023-09-25 02:05:15,167 - Capacity check for route 20 --> OK
2023-09-25 02:05:15,167 - Starting capacity check for route 21
2023-09-25 02:05:15,167 - Capacity check for route 21 --> OK
2023-09-25 02:05:15,168 - Starting capacity check for route 22
2023-09-25 02:05:15,168 - Capacity check for route 22 --> OK
2023-09-25 02:05:15,168 - Starting capacity check for route 23
2023-09-25 02:05:15,168 - Capacity check for route 23 --> OK
2023-09-25 02:05:15,168 - Starting capacity check for route 24
2023-09-25 02:05:15,168 - Capacity check for route 24 --> OK
2023-09-25 02:05:15,168 - Starting time window checks for route 0
2023-09-25 02:05:15,168 - Time window checks for route 0 met --> OK
2023-09-25 02:05:15,169 - Starting time window checks for route 1
2023-09-25 02:05:15,169 - Time window checks for route 1 met --> OK
2023-09-25 02:05:15,169 - Starting time window checks for route 2
2023-09-25 02:05:15,169 - Time window checks for route 2 met --> OK
2023-09-25 02:05:15,169 - Starting time window checks for route 3
2023-09-25 02:05:15,169 - Time window checks for route 3 met --> OK
2023-09-25 02:05:15,169 - Starting time window checks for route 4
2023-09-25 02:05:15,169 - Time window checks for route 4 met --> OK
2023-09-25 02:05:15,169 - Starting time window checks for route 5
2023-09-25 02:05:15,169 - Time window checks for route 5 met --> OK
2023-09-25 02:05:15,170 - Starting time window checks for route 6
2023-09-25 02:05:15,170 - Time window checks for route 6 met --> OK
2023-09-25 02:05:15,170 - Starting time window checks for route 7
2023-09-25 02:05:15,170 - Time window checks for route 7 met --> OK
2023-09-25 02:05:15,170 - Starting time window checks for route 8
2023-09-25 02:05:15,170 - Time window checks for route 8 met --> OK
2023-09-25 02:05:15,170 - Starting time window checks for route 9
2023-09-25 02:05:15,170 - 	Time window of client 5 met --> OK 
2023-09-25 02:05:15,171 - Time window checks for route 9 met --> OK
2023-09-25 02:05:15,171 - Starting time window checks for route 10
2023-09-25 02:05:15,171 - 	Time window of client 13 met --> OK 
2023-09-25 02:05:15,171 - 	Time window of client 3 met --> OK 
2023-09-25 02:05:15,171 - Time window checks for route 10 met --> OK
2023-09-25 02:05:15,171 - Starting time window checks for route 11
2023-09-25 02:05:15,171 - 	Time window of client 20 met --> OK 
2023-09-25 02:05:15,171 - 	Time window of client 17 met --> OK 
2023-09-25 02:05:15,171 - 	Time window of client 7 met --> OK 
2023-09-25 02:05:15,171 - Time window checks for route 11 met --> OK
2023-09-25 02:05:15,172 - Starting time window checks for route 12
2023-09-25 02:05:15,172 - 	Time window of client 24 met --> OK 
2023-09-25 02:05:15,172 - 	Time window of client 18 met --> OK 
2023-09-25 02:05:15,172 - 	Time window of client 8 met --> OK 
2023-09-25 02:05:15,172 - Time window checks for route 12 met --> OK
2023-09-25 02:05:15,172 - Starting time window checks for route 13
2023-09-25 02:05:15,172 - 	Time window of client 32 met --> OK 
2023-09-25 02:05:15,172 - 	Time window of client 25 met --> OK 
2023-09-25 02:05:15,172 - 	Time window of client 19 met --> OK 
2023-09-25 02:05:15,172 - 	Time window of client 10 met --> OK 
2023-09-25 02:05:15,172 - Time window checks for route 13 met --> OK
2023-09-25 02:05:15,172 - Starting time window checks for route 14
2023-09-25 02:05:15,172 - 	Time window of client 33 met --> OK 
2023-09-25 02:05:15,173 - 	Time window of client 31 met --> OK 
2023-09-25 02:05:15,173 - 	Time window of client 27 met --> OK 
2023-09-25 02:05:15,173 - 	Time window of client 15 met --> OK 
2023-09-25 02:05:15,173 - 	Time window of client 11 met --> OK 
2023-09-25 02:05:15,173 - 	Time window of client 9 met --> OK 
2023-09-25 02:05:15,173 - Time window checks for route 14 met --> OK
2023-09-25 02:05:15,173 - Starting time window checks for route 15
2023-09-25 02:05:15,173 - 	Time window of client 35 met --> OK 
2023-09-25 02:05:15,173 - 	Time window of client 29 met --> OK 
2023-09-25 02:05:15,173 - 	Time window of client 16 met --> OK 
2023-09-25 02:05:15,173 - 	Time window of client 14 met --> OK 
2023-09-25 02:05:15,174 - 	Time window of client 6 met --> OK 
2023-09-25 02:05:15,174 - Time window checks for route 15 met --> OK
2023-09-25 02:05:15,174 - Starting time window checks for route 16
2023-09-25 02:05:15,174 - 	Time window of client 43 met --> OK 
2023-09-25 02:05:15,174 - 	Time window of client 42 met --> OK 
2023-09-25 02:05:15,174 - 	Time window of client 41 met --> OK 
2023-09-25 02:05:15,174 - 	Time window of client 40 met --> OK 
2023-09-25 02:05:15,175 - 	Time window of client 37 met --> OK 
2023-09-25 02:05:15,175 - 	Time window of client 30 met --> OK 
2023-09-25 02:05:15,175 - 	Time window of client 28 met --> OK 
2023-09-25 02:05:15,175 - 	Time window of client 12 met --> OK 
2023-09-25 02:05:15,175 - Time window checks for route 16 met --> OK
2023-09-25 02:05:15,175 - Starting time window checks for route 17
2023-09-25 02:05:15,175 - 	Time window of client 57 met --> OK 
2023-09-25 02:05:15,175 - 	Time window of client 55 met --> OK 
2023-09-25 02:05:15,175 - 	Time window of client 54 met --> OK 
2023-09-25 02:05:15,175 - 	Time window of client 53 met --> OK 
2023-09-25 02:05:15,175 - 	Time window of client 44 met --> OK 
2023-09-25 02:05:15,176 - 	Time window of client 38 met --> OK 
2023-09-25 02:05:15,176 - 	Time window of client 39 met --> OK 
2023-09-25 02:05:15,176 - 	Time window of client 26 met --> OK 
2023-09-25 02:05:15,176 - 	Time window of client 4 met --> OK 
2023-09-25 02:05:15,176 - Time window checks for route 17 met --> OK
2023-09-25 02:05:15,176 - Starting time window checks for route 18
2023-09-25 02:05:15,176 - 	Time window of client 67 met --> OK 
2023-09-25 02:05:15,176 - 	Time window of client 65 met --> OK 
2023-09-25 02:05:15,176 - 	Time window of client 63 met --> OK 
2023-09-25 02:05:15,177 - 	Time window of client 62 met --> OK 
2023-09-25 02:05:15,177 - 	Time window of client 56 met --> OK 
2023-09-25 02:05:15,177 - 	Time window of client 46 met --> OK 
2023-09-25 02:05:15,177 - 	Time window of client 45 met --> OK 
2023-09-25 02:05:15,177 - 	Time window of client 36 met --> OK 
2023-09-25 02:05:15,177 - 	Time window of client 23 met --> OK 
2023-09-25 02:05:15,177 - Time window checks for route 18 met --> OK
2023-09-25 02:05:15,177 - Starting time window checks for route 19
2023-09-25 02:05:15,177 - 	Time window of client 70 met --> OK 
2023-09-25 02:05:15,177 - 	Time window of client 58 met --> OK 
2023-09-25 02:05:15,177 - 	Time window of client 60 met --> OK 
2023-09-25 02:05:15,177 - 	Time window of client 48 met --> OK 
2023-09-25 02:05:15,178 - 	Time window of client 34 met --> OK 
2023-09-25 02:05:15,178 - 	Time window of client 2 met --> OK 
2023-09-25 02:05:15,178 - Time window checks for route 19 met --> OK
2023-09-25 02:05:15,178 - Starting time window checks for route 20
2023-09-25 02:05:15,178 - 	Time window of client 72 met --> OK 
2023-09-25 02:05:15,178 - 	Time window of client 61 met --> OK 
2023-09-25 02:05:15,178 - 	Time window of client 59 met --> OK 
2023-09-25 02:05:15,178 - 	Time window of client 51 met --> OK 
2023-09-25 02:05:15,178 - 	Time window of client 22 met --> OK 
2023-09-25 02:05:15,178 - 	Time window of client 1 met --> OK 
2023-09-25 02:05:15,178 - Time window checks for route 20 met --> OK
2023-09-25 02:05:15,179 - Starting time window checks for route 21
2023-09-25 02:05:15,179 - 	Time window of client 81 met --> OK 
2023-09-25 02:05:15,179 - 	Time window of client 78 met --> OK 
2023-09-25 02:05:15,179 - 	Time window of client 76 met --> OK 
2023-09-25 02:05:15,179 - 	Time window of client 71 met --> OK 
2023-09-25 02:05:15,179 - 	Time window of client 74 met --> OK 
2023-09-25 02:05:15,179 - 	Time window of client 73 met --> OK 
2023-09-25 02:05:15,179 - 	Time window of client 77 met --> OK 
2023-09-25 02:05:15,179 - 	Time window of client 64 met --> OK 
2023-09-25 02:05:15,179 - 	Time window of client 68 met --> OK 
2023-09-25 02:05:15,179 - 	Time window of client 50 met --> OK 
2023-09-25 02:05:15,179 - 	Time window of client 21 met --> OK 
2023-09-25 02:05:15,180 - Time window checks for route 21 met --> OK
2023-09-25 02:05:15,180 - Starting time window checks for route 22
2023-09-25 02:05:15,180 - 	Time window of client 90 met --> OK 
2023-09-25 02:05:15,180 - 	Time window of client 87 met --> OK 
2023-09-25 02:05:15,180 - 	Time window of client 86 met --> OK 
2023-09-25 02:05:15,180 - 	Time window of client 83 met --> OK 
2023-09-25 02:05:15,180 - 	Time window of client 82 met --> OK 
2023-09-25 02:05:15,180 - 	Time window of client 84 met --> OK 
2023-09-25 02:05:15,180 - 	Time window of client 85 met --> OK 
2023-09-25 02:05:15,180 - 	Time window of client 79 met --> OK 
2023-09-25 02:05:15,180 - 	Time window of client 80 met --> OK 
2023-09-25 02:05:15,180 - 	Time window of client 66 met --> OK 
2023-09-25 02:05:15,181 - 	Time window of client 52 met --> OK 
2023-09-25 02:05:15,181 - 	Time window of client 49 met --> OK 
2023-09-25 02:05:15,181 - Time window checks for route 22 met --> OK
2023-09-25 02:05:15,181 - Starting time window checks for route 23
2023-09-25 02:05:15,181 - 	Time window of client 98 met --> OK 
2023-09-25 02:05:15,181 - 	Time window of client 96 met --> OK 
2023-09-25 02:05:15,181 - 	Time window of client 95 met --> OK 
2023-09-25 02:05:15,181 - 	Time window of client 94 met --> OK 
2023-09-25 02:05:15,181 - 	Time window of client 92 met --> OK 
2023-09-25 02:05:15,181 - 	Time window of client 93 met --> OK 
2023-09-25 02:05:15,181 - 	Time window of client 97 met --> OK 
2023-09-25 02:05:15,181 - 	Time window of client 88 met --> OK 
2023-09-25 02:05:15,182 - 	Time window of client 89 met --> OK 
2023-09-25 02:05:15,182 - Time window checks for route 23 met --> OK
2023-09-25 02:05:15,182 - Starting time window checks for route 24
2023-09-25 02:05:15,182 - 	Time window of client 100 met --> OK 
2023-09-25 02:05:15,182 - 	Time window of client 99 met --> OK 
2023-09-25 02:05:15,182 - 	Time window of client 91 met --> OK 
2023-09-25 02:05:15,182 - 	Time window of client 69 met --> OK 
2023-09-25 02:05:15,182 - 	Time window of client 75 met --> OK 
2023-09-25 02:05:15,182 - 	Time window of client 47 met --> OK 
2023-09-25 02:05:15,182 - Time window checks for route 24 met --> OK
2023-09-25 02:05:15,183 - ~~ Cost of solution: 65220
2023-09-25 02:05:15,183 - 

